#
# There is insufficient memory for the Java Runtime Environment to continue.
# Native memory allocation (mmap) failed to map 266338304 bytes. Error detail: G1 virtual space
# Possible reasons:
#   The system is out of physical RAM or swap space
#   This process is running with CompressedOops enabled, and the Java Heap may be blocking the growth of the native heap
# Possible solutions:
#   Reduce memory load on the system
#   Increase physical memory or swap space
#   Check if swap backing store is full
#   Decrease Java heap size (-Xmx/-Xms)
#   Decrease number of Java threads
#   Decrease Java thread stack sizes (-Xss)
#   Set larger code cache with -XX:ReservedCodeCacheSize=
#   JVM is running with Zero Based Compressed Oops mode in which the Java heap is
#     placed in the first 32GB address space. The Java Heap base address is the
#     maximum limit for the native heap growth. Please use -XX:HeapBaseMinAddress
#     to set the Java Heap base and to place the Java Heap above 32GB virtual address.
# This output file may be truncated or incomplete.
#
#  Out of Memory Error (os_windows.cpp:3603), pid=1516, tid=10764
#
# JRE version:  (21.0.3+9) (build )
# Java VM: OpenJDK 64-Bit Server VM (21.0.3+9-LTS, mixed mode, sharing, tiered, compressed oops, compressed class ptrs, g1 gc, windows-amd64)
# No core dump will be written. Minidumps are not enabled by default on client versions of Windows
#

---------------  S U M M A R Y ------------

Command Line: -javaagent:D:\Intellij IDEA Community\IntelliJ IDEA Community Edition 2024.1.2\lib\idea_rt.jar=58480:D:\Intellij IDEA Community\IntelliJ IDEA Community Edition 2024.1.2\bin -Dfile.encoding=UTF-8 -Dsun.stdout.encoding=UTF-8 -Dsun.stderr.encoding=UTF-8 Main

Host: 13th Gen Intel(R) Core(TM) i7-13700F, 24 cores, 15G,  Windows 11 , 64 bit Build 22621 (10.0.22621.4391)
Time: Fri Dec 20 16:02:26 2024  Windows 11 , 64 bit Build 22621 (10.0.22621.4391) elapsed time: 0.012320 seconds (0d 0h 0m 0s)

---------------  T H R E A D  ---------------

Current thread (0x000001b39c8464a0):  JavaThread "Unknown thread" [_thread_in_vm, id=10764, stack(0x0000002a98c00000,0x0000002a98d00000) (1024K)]

Stack: [0x0000002a98c00000,0x0000002a98d00000]
Native frames: (J=compiled Java code, j=interpreted, Vv=VM code, C=native code)
V  [jvm.dll+0x6d4fa9]
V  [jvm.dll+0x8b01c3]
V  [jvm.dll+0x8b251e]
V  [jvm.dll+0x8b2c03]
V  [jvm.dll+0x284fb6]
V  [jvm.dll+0x6d1775]
V  [jvm.dll+0x6c5eaa]
V  [jvm.dll+0x35bd0b]
V  [jvm.dll+0x3638b6]
V  [jvm.dll+0x3b4e46]
V  [jvm.dll+0x3b5118]
V  [jvm.dll+0x32f44c]
V  [jvm.dll+0x33013b]
V  [jvm.dll+0x8782b9]
V  [jvm.dll+0x3c2211]
V  [jvm.dll+0x8616e8]
V  [jvm.dll+0x45648e]
V  [jvm.dll+0x458001]
C  [jli.dll+0x52ab]
C  [ucrtbase.dll+0x29333]
C  [KERNEL32.DLL+0x1259d]
C  [ntdll.dll+0x5af38]


---------------  P R O C E S S  ---------------

Threads class SMR info:
_java_thread_list=0x00007ffb447dd008, length=0, elements={
}

Java Threads: ( => current thread )
Total: 0

Other Threads:
  0x000001b39c801830 WorkerThread "GC Thread#0"                     [id=17284, stack(0x0000002a98d00000,0x0000002a98e00000) (1024K)]
  0x000001b39ec962b0 ConcurrentGCThread "G1 Main Marker"            [id=16652, stack(0x0000002a98e00000,0x0000002a98f00000) (1024K)]
  0x000001b39c800d50 WorkerThread "G1 Conc#0"                       [id=13684, stack(0x0000002a98f00000,0x0000002a99000000) (1024K)]

[error occurred during error reporting (printing all threads), id 0xc0000005, EXCEPTION_ACCESS_VIOLATION (0xc0000005) at pc=0x00007ffb43ee25a7]
VM state: not at safepoint (not fully initialized)

VM Mutex/Monitor currently owned by a thread:  ([mutex/lock_event])
[0x00007ffb448511c8] Heap_lock - owner thread: 0x000001b39c8464a0

Heap address: 0x0000000702400000, size: 4060 MB, Compressed Oops mode: Zero based, Oop shift amount: 3

CDS archive(s) mapped at: [0x0000000000000000-0x0000000000000000-0x0000000000000000), size 0, SharedBaseAddress: 0x0000000800000000, ArchiveRelocationMode: 1.
Narrow klass base: 0x0000000000000000, Narrow klass shift: 0, Narrow klass range: 0x0

GC Precious Log:
 CardTable entry size: 512
 Card Set container configuration: InlinePtr #cards 4 size 8 Array Of Cards #cards 16 size 48 Howl #buckets 8 coarsen threshold 3686 Howl Bitmap #cards 512 size 80 coarsen threshold 460 Card regions per heap region 1 cards per card region 4096

Heap:
 garbage-first heap   total 0K, used 0K [0x0000000702400000, 0x0000000800000000)
  region size 2048K, 0 young (0K), 0 survivors (0K)

[error occurred during error reporting (printing heap information), id 0xc0000005, EXCEPTION_ACCESS_VIOLATION (0xc0000005) at pc=0x00007ffb442ce919]
GC Heap History (0 events):
No events

Dll operation events (1 events):
Event: 0.009 Loaded shared library C:\Users\damia\.jdks\corretto-21.0.3\bin\java.dll

Deoptimization events (0 events):
No events

Classes loaded (0 events):
No events

Classes unloaded (0 events):
No events

Classes redefined (0 events):
No events

Internal exceptions (0 events):
No events

ZGC Phase Switch (0 events):
No events

VM Operations (0 events):
No events

Events (0 events):
No events


Dynamic libraries:
0x00007ff7959f0000 - 0x00007ff7959fe000 	C:\Users\damia\.jdks\corretto-21.0.3\bin\java.exe
0x00007ffbd1d70000 - 0x00007ffbd1f87000 	C:\Windows\SYSTEM32\ntdll.dll
0x00007ffbd0f50000 - 0x00007ffbd1014000 	C:\Windows\System32\KERNEL32.DLL
0x00007ffbcf070000 - 0x00007ffbcf429000 	C:\Windows\System32\KERNELBASE.dll
0x000000005c4f0000 - 0x000000005c822000 	C:\Program Files\Norton Security\NortonData\22.23.6.5\Definitions\IPSDefs\20240604.064\IPSEng64.dll
0x00007ffbcfab0000 - 0x00007ffbcfb62000 	C:\Windows\System32\ADVAPI32.dll
0x00007ffbd0c30000 - 0x00007ffbd0cd7000 	C:\Windows\System32\msvcrt.dll
0x00007ffbd0940000 - 0x00007ffbd09e7000 	C:\Windows\System32\sechost.dll
0x00007ffbcf8f0000 - 0x00007ffbcf918000 	C:\Windows\System32\bcrypt.dll
0x00007ffbd1b90000 - 0x00007ffbd1ca4000 	C:\Windows\System32\RPCRT4.dll
0x00007ffbcfaa0000 - 0x00007ffbcfaa8000 	C:\Windows\System32\PSAPI.DLL
0x00007ffbcf760000 - 0x00007ffbcf871000 	C:\Windows\System32\ucrtbase.dll
0x00007ffba6e70000 - 0x00007ffba6e88000 	C:\Users\damia\.jdks\corretto-21.0.3\bin\jli.dll
0x00007ffba88f0000 - 0x00007ffba890b000 	C:\Users\damia\.jdks\corretto-21.0.3\bin\VCRUNTIME140.dll
0x00007ffbd11d0000 - 0x00007ffbd137e000 	C:\Windows\System32\USER32.dll
0x00007ffbaebf0000 - 0x00007ffbaee82000 	C:\Windows\WinSxS\amd64_microsoft.windows.common-controls_6595b64144ccf1df_6.0.22621.4391_none_2715d37f73803e96\COMCTL32.dll
0x00007ffbcf430000 - 0x00007ffbcf456000 	C:\Windows\System32\win32u.dll
0x00007ffbd1020000 - 0x00007ffbd1049000 	C:\Windows\System32\GDI32.dll
0x00007ffbcf460000 - 0x00007ffbcf57b000 	C:\Windows\System32\gdi32full.dll
0x00007ffbcf640000 - 0x00007ffbcf6da000 	C:\Windows\System32\msvcp_win.dll
0x00007ffbd1930000 - 0x00007ffbd1961000 	C:\Windows\System32\IMM32.DLL
0x00007ffbb3160000 - 0x00007ffbb316c000 	C:\Users\damia\.jdks\corretto-21.0.3\bin\vcruntime140_1.dll
0x00007ffb7c6d0000 - 0x00007ffb7c75d000 	C:\Users\damia\.jdks\corretto-21.0.3\bin\msvcp140.dll
0x00007ffb43ba0000 - 0x00007ffb44931000 	C:\Users\damia\.jdks\corretto-21.0.3\bin\server\jvm.dll
0x00007ffbd04d0000 - 0x00007ffbd0541000 	C:\Windows\System32\WS2_32.dll
0x00007ffbcdec0000 - 0x00007ffbcdf0d000 	C:\Windows\SYSTEM32\POWRPROF.dll
0x00007ffbc80d0000 - 0x00007ffbc80da000 	C:\Windows\SYSTEM32\VERSION.dll
0x00007ffbc4e60000 - 0x00007ffbc4e94000 	C:\Windows\SYSTEM32\WINMM.dll
0x00007ffbcdea0000 - 0x00007ffbcdeb3000 	C:\Windows\SYSTEM32\UMPDC.dll
0x00007ffbce160000 - 0x00007ffbce178000 	C:\Windows\SYSTEM32\kernel.appcore.dll
0x00007ffbaad60000 - 0x00007ffbaad6a000 	C:\Users\damia\.jdks\corretto-21.0.3\bin\jimage.dll
0x00007ffbc6290000 - 0x00007ffbc64c2000 	C:\Windows\SYSTEM32\DBGHELP.DLL
0x00007ffbd05b0000 - 0x00007ffbd093f000 	C:\Windows\System32\combase.dll
0x00007ffbd03f0000 - 0x00007ffbd04c7000 	C:\Windows\System32\OLEAUT32.dll
0x00007ffbc61d0000 - 0x00007ffbc6202000 	C:\Windows\SYSTEM32\dbgcore.DLL
0x00007ffbcf6e0000 - 0x00007ffbcf75b000 	C:\Windows\System32\bcryptPrimitives.dll
0x00007ffba45a0000 - 0x00007ffba45ae000 	C:\Users\damia\.jdks\corretto-21.0.3\bin\instrument.dll
0x00007ffba6df0000 - 0x00007ffba6e0f000 	C:\Users\damia\.jdks\corretto-21.0.3\bin\java.dll

dbghelp: loaded successfully - version: 4.0.5 - missing functions: none
symbol engine: initialized successfully - sym options: 0x614 - pdb path: .;C:\Users\damia\.jdks\corretto-21.0.3\bin;C:\Windows\SYSTEM32;C:\Program Files\Norton Security\NortonData\22.23.6.5\Definitions\IPSDefs\20240604.064;C:\Windows\WinSxS\amd64_microsoft.windows.common-controls_6595b64144ccf1df_6.0.22621.4391_none_2715d37f73803e96;C:\Users\damia\.jdks\corretto-21.0.3\bin\server

VM Arguments:
jvm_args: -javaagent:D:\Intellij IDEA Community\IntelliJ IDEA Community Edition 2024.1.2\lib\idea_rt.jar=58480:D:\Intellij IDEA Community\IntelliJ IDEA Community Edition 2024.1.2\bin -Dfile.encoding=UTF-8 -Dsun.stdout.encoding=UTF-8 -Dsun.stderr.encoding=UTF-8 
java_command: Main
java_class_path (initial): C:\Users\damia\IdeaProjects\GameRPG\out\production\GameRPG
Launcher Type: SUN_STANDARD

[Global flags]
     intx CICompilerCount                          = 12                                        {product} {ergonomic}
     uint ConcGCThreads                            = 5                                         {product} {ergonomic}
     uint G1ConcRefinementThreads                  = 18                                        {product} {ergonomic}
   size_t G1HeapRegionSize                         = 2097152                                   {product} {ergonomic}
    uintx GCDrainStackTargetSize                   = 64                                        {product} {ergonomic}
   size_t InitialHeapSize                          = 266338304                                 {product} {ergonomic}
   size_t MarkStackSize                            = 4194304                                   {product} {ergonomic}
   size_t MaxHeapSize                              = 4257218560                                {product} {ergonomic}
   size_t MinHeapDeltaBytes                        = 2097152                                   {product} {ergonomic}
   size_t MinHeapSize                              = 8388608                                   {product} {ergonomic}
    uintx NonNMethodCodeHeapSize                   = 7602480                                {pd product} {ergonomic}
    uintx NonProfiledCodeHeapSize                  = 122027880                              {pd product} {ergonomic}
    uintx ProfiledCodeHeapSize                     = 122027880                              {pd product} {ergonomic}
    uintx ReservedCodeCacheSize                    = 251658240                              {pd product} {ergonomic}
     bool SegmentedCodeCache                       = true                                      {product} {ergonomic}
   size_t SoftMaxHeapSize                          = 4257218560                             {manageable} {ergonomic}
     bool UseCompressedOops                        = true                           {product lp64_product} {ergonomic}
     bool UseG1GC                                  = true                                      {product} {ergonomic}
     bool UseLargePagesIndividualAllocation        = false                                  {pd product} {ergonomic}

Logging:
Log output configuration:
 #0: stdout all=warning uptime,level,tags foldmultilines=false
 #1: stderr all=off uptime,level,tags foldmultilines=false

Environment Variables:
PATH=C:\Windows\system32;C:\Windows;C:\Windows\System32\Wbem;C:\Windows\System32\WindowsPowerShell\v1.0\;C:\Windows\System32\OpenSSH\;C:\Program Files (x86)\NVIDIA Corporation\PhysX\Common;C:\Program Files\NVIDIA Corporation\NVIDIA NvDLISR;C:\Program Files\dotnet\;D:\Git\cmd;D:\Python\Scripts\;D:\Python\;C:\Users\damia\AppData\Local\Programs\Python\Launcher\;C:\Users\damia\AppData\Local\Microsoft\WindowsApps;D:\Visual Studio Code\Microsoft VS Code\bin;D:\Intellij IDEA Community\IntelliJ IDEA Community Edition 2024.1.2\bin;;C:\Users\damia\.dotnet\tools;C:\msys64\ucrt64\bin;
USERNAME=damia
OS=Windows_NT
PROCESSOR_IDENTIFIER=Intel64 Family 6 Model 183 Stepping 1, GenuineIntel
TMP=C:\Users\damia\AppData\Local\Temp
TEMP=C:\Users\damia\AppData\Local\Temp




Periodic native trim disabled

---------------  S Y S T E M  ---------------

OS:
 Windows 11 , 64 bit Build 22621 (10.0.22621.4391)
OS uptime: 1 days 5:14 hours
Hyper-V role detected

CPU: total 24 (initial active 24) (12 cores per cpu, 2 threads per core) family 6 model 183 stepping 1 microcode 0x10e, cx8, cmov, fxsr, ht, mmx, 3dnowpref, sse, sse2, sse3, ssse3, sse4.1, sse4.2, popcnt, lzcnt, tsc, tscinvbit, avx, avx2, aes, erms, clmul, bmi1, bmi2, adx, sha, fma, vzeroupper, clflush, clflushopt, clwb, hv, serialize, rdtscp, rdpid, fsrm, f16c, cet_ibt, cet_ss
Processor Information for all 24 processors :
  Max Mhz: 2100, Current Mhz: 2100, Mhz Limit: 2100

Memory: 4k page, system-wide physical 16232M (1322M free)
TotalPageFile size 23234M (AvailPageFile size 156M)
current process WorkingSet (physical memory assigned to process): 13M, peak: 13M
current process commit charge ("private bytes"): 82M, peak: 336M

vm_info: OpenJDK 64-Bit Server VM (21.0.3+9-LTS) for windows-amd64 JRE (21.0.3+9-LTS), built on 2024-04-10T19:10:39Z by "Administrator" with MS VC++ 16.10 / 16.11 (VS2019)

END.
